<?xml version="1.0" encoding="UTF-8"?>
<robot generator="Robot 5.1b2.dev1 (Python 3.9.9 on win32)" generated="20221031 16:25:44.803" rpa="false" schemaversion="3">
<suite id="s1" name="GitHub" source="C:\Users\skultetp\PycharmProjects\pythonProject1\GitHub.robot">
<test id="s1-t1" name="GitHub" line="25">
<kw name="Open GitHub page" library="GitHubKeywords" type="SETUP">
<kw name="Set Screenshot Directory" library="SeleniumLibrary">
<arg>Screenshots</arg>
<doc>Sets the directory for captured screenshots.</doc>
<status status="PASS" starttime="20221031 16:25:45.203" endtime="20221031 16:25:45.203"/>
</kw>
<kw name="Open Browser" library="SeleniumLibrary">
<arg>https://github.com/login</arg>
<arg>browser=chrome</arg>
<doc>Opens a new browser instance to the optional ``url``.</doc>
<msg timestamp="20221031 16:25:45.203" level="INFO">Opening browser 'chrome' to base url 'https://github.com/login'.</msg>
<status status="PASS" starttime="20221031 16:25:45.203" endtime="20221031 16:25:54.292"/>
</kw>
<status status="PASS" starttime="20221031 16:25:45.203" endtime="20221031 16:25:54.292"/>
</kw>
<kw name="Open GitHub page" library="GitHubKeywords">
<kw name="Set Screenshot Directory" library="SeleniumLibrary">
<arg>Screenshots</arg>
<doc>Sets the directory for captured screenshots.</doc>
<status status="PASS" starttime="20221031 16:25:54.293" endtime="20221031 16:25:54.294"/>
</kw>
<kw name="Open Browser" library="SeleniumLibrary">
<arg>https://github.com/login</arg>
<arg>browser=chrome</arg>
<doc>Opens a new browser instance to the optional ``url``.</doc>
<msg timestamp="20221031 16:25:54.295" level="INFO">Opening browser 'chrome' to base url 'https://github.com/login'.</msg>
<status status="PASS" starttime="20221031 16:25:54.294" endtime="20221031 16:26:00.287"/>
</kw>
<status status="PASS" starttime="20221031 16:25:54.293" endtime="20221031 16:26:00.288"/>
</kw>
<kw name="Login to GitHub account" library="GitHubKeywords">
<kw name="Wait Until Element Is Visible" library="SeleniumLibrary">
<arg>${login}</arg>
<doc>Waits until the element ``locator`` is visible.</doc>
<status status="PASS" starttime="20221031 16:26:00.290" endtime="20221031 16:26:00.455"/>
</kw>
<kw name="Click Element" library="SeleniumLibrary">
<arg>${login}</arg>
<doc>Click the element identified by ``locator``.</doc>
<msg timestamp="20221031 16:26:00.457" level="INFO">Clicking element '//input[@id='login_field']'.</msg>
<status status="PASS" starttime="20221031 16:26:00.456" endtime="20221031 16:26:00.527"/>
</kw>
<kw name="Input Text" library="SeleniumLibrary">
<arg>//input[@id='login_field']</arg>
<arg>${Email}</arg>
<doc>Types the given ``text`` into the text field identified by ``locator``.</doc>
<msg timestamp="20221031 16:26:00.528" level="INFO">Typing text 'Petrskultety@seznam.cz' into text field '//input[@id='login_field']'.</msg>
<status status="PASS" starttime="20221031 16:26:00.527" endtime="20221031 16:26:00.636"/>
</kw>
<kw name="Click Element" library="SeleniumLibrary">
<arg>id:password</arg>
<doc>Click the element identified by ``locator``.</doc>
<msg timestamp="20221031 16:26:00.637" level="INFO">Clicking element 'id:password'.</msg>
<status status="PASS" starttime="20221031 16:26:00.636" endtime="20221031 16:26:00.712"/>
</kw>
<kw name="Input Password" library="SeleniumLibrary">
<arg>id:password</arg>
<arg>${password}</arg>
<doc>Types the given password into the text field identified by ``locator``.</doc>
<msg timestamp="20221031 16:26:00.714" level="INFO">Typing password into text field 'id:password'.</msg>
<msg timestamp="20221031 16:26:00.766" level="INFO">Temporally setting log level to: NONE</msg>
<msg timestamp="20221031 16:26:00.815" level="INFO">Log level changed from NONE to INFO.</msg>
<status status="PASS" starttime="20221031 16:26:00.713" endtime="20221031 16:26:00.815"/>
</kw>
<kw name="Click Element" library="SeleniumLibrary">
<arg>//input[@name='commit']</arg>
<doc>Click the element identified by ``locator``.</doc>
<msg timestamp="20221031 16:26:00.816" level="INFO">Clicking element '//input[@name='commit']'.</msg>
<status status="PASS" starttime="20221031 16:26:00.815" endtime="20221031 16:26:04.814"/>
</kw>
<status status="PASS" starttime="20221031 16:26:00.289" endtime="20221031 16:26:04.814"/>
</kw>
<kw name="Create new private repository" library="GitHubKeywords">
<kw name="Wait Until Element Is Visible" library="SeleniumLibrary">
<arg>${repository}</arg>
<doc>Waits until the element ``locator`` is visible.</doc>
<status status="PASS" starttime="20221031 16:26:04.815" endtime="20221031 16:26:04.858"/>
</kw>
<kw name="Click Element" library="SeleniumLibrary">
<arg>${repository}</arg>
<doc>Click the element identified by ``locator``.</doc>
<msg timestamp="20221031 16:26:04.859" level="INFO">Clicking element '//loading-context[@class='loading-context position-relative height-full']//a[contains(.,'New')]'.</msg>
<status status="PASS" starttime="20221031 16:26:04.858" endtime="20221031 16:26:05.827"/>
</kw>
<kw name="Wait Until Element Is Visible" library="SeleniumLibrary">
<arg>id:repository_name</arg>
<doc>Waits until the element ``locator`` is visible.</doc>
<status status="PASS" starttime="20221031 16:26:05.827" endtime="20221031 16:26:05.864"/>
</kw>
<kw name="Click Element" library="SeleniumLibrary">
<arg>id:repository_name</arg>
<doc>Click the element identified by ``locator``.</doc>
<msg timestamp="20221031 16:26:05.865" level="INFO">Clicking element 'id:repository_name'.</msg>
<status status="PASS" starttime="20221031 16:26:05.864" endtime="20221031 16:26:05.960"/>
</kw>
<kw name="Input Text" library="SeleniumLibrary">
<arg>id:repository_name</arg>
<arg>${Git Hub test1}</arg>
<doc>Types the given ``text`` into the text field identified by ``locator``.</doc>
<msg timestamp="20221031 16:26:05.961" level="INFO">Typing text 'Git hub 1' into text field 'id:repository_name'.</msg>
<status status="PASS" starttime="20221031 16:26:05.960" endtime="20221031 16:26:06.116"/>
</kw>
<kw name="Click Element" library="SeleniumLibrary">
<arg>id:repository_visibility_private</arg>
<doc>Click the element identified by ``locator``.</doc>
<msg timestamp="20221031 16:26:06.117" level="INFO">Clicking element 'id:repository_visibility_private'.</msg>
<status status="PASS" starttime="20221031 16:26:06.117" endtime="20221031 16:26:06.209"/>
</kw>
<kw name="Scroll Element Into View" library="SeleniumLibrary">
<arg>//button[@class='btn-primary btn']</arg>
<doc>Scrolls the element identified by ``locator`` into view.</doc>
<status status="PASS" starttime="20221031 16:26:06.209" endtime="20221031 16:26:06.518"/>
</kw>
<kw name="Click Element" library="SeleniumLibrary">
<arg>//button[@class='btn-primary btn']</arg>
<doc>Click the element identified by ``locator``.</doc>
<msg timestamp="20221031 16:26:06.519" level="INFO">Clicking element '//button[@class='btn-primary btn']'.</msg>
<status status="PASS" starttime="20221031 16:26:06.518" endtime="20221031 16:26:06.575"/>
</kw>
<status status="PASS" starttime="20221031 16:26:04.815" endtime="20221031 16:26:06.576"/>
</kw>
<kw name="Verify that created repository is in list of repositories" library="GitHubKeywords">
<kw name="Wait Until Element Is Visible" library="SeleniumLibrary">
<arg>//a[.='petrskultety']</arg>
<doc>Waits until the element ``locator`` is visible.</doc>
<msg timestamp="20221031 16:26:11.800" level="INFO" html="true">&lt;/td&gt;&lt;/tr&gt;&lt;tr&gt;&lt;td colspan="3"&gt;&lt;a href="Screenshots/selenium-screenshot-15.png"&gt;&lt;img src="Screenshots/selenium-screenshot-15.png" width="800px"&gt;&lt;/a&gt;</msg>
<msg timestamp="20221031 16:26:11.800" level="FAIL">Element '//a[.='petrskultety']' not visible after 5 seconds.</msg>
<status status="FAIL" starttime="20221031 16:26:06.577" endtime="20221031 16:26:11.846"/>
</kw>
<kw name="Click Element" library="SeleniumLibrary">
<arg>//details[@class='details-overlay details-reset js-feature-preview-indicator-container']/summary[@class='Header-link']</arg>
<doc>Click the element identified by ``locator``.</doc>
<status status="NOT RUN" starttime="20221031 16:26:11.846" endtime="20221031 16:26:11.847"/>
</kw>
<kw name="Wait Until Element Is Visible" library="SeleniumLibrary">
<arg>//a[.='Your repositories']</arg>
<doc>Waits until the element ``locator`` is visible.</doc>
<status status="NOT RUN" starttime="20221031 16:26:11.848" endtime="20221031 16:26:11.848"/>
</kw>
<kw name="Click Element" library="SeleniumLibrary">
<arg>//a[.='Your repositories']</arg>
<doc>Click the element identified by ``locator``.</doc>
<status status="NOT RUN" starttime="20221031 16:26:11.848" endtime="20221031 16:26:11.848"/>
</kw>
<kw name="Input Text" library="SeleniumLibrary">
<arg>id:your-repos-filter</arg>
<arg>${Git Hub test1}</arg>
<doc>Types the given ``text`` into the text field identified by ``locator``.</doc>
<status status="NOT RUN" starttime="20221031 16:26:11.848" endtime="20221031 16:26:11.848"/>
</kw>
<status status="FAIL" starttime="20221031 16:26:06.576" endtime="20221031 16:26:11.849"/>
</kw>
<kw name="Verify that created repository is not visible when not logged in" library="GitHubKeywords">
<status status="NOT RUN" starttime="20221031 16:26:11.849" endtime="20221031 16:26:11.849"/>
</kw>
<kw name="Change repository from previous test to public" library="GitHubKeywords">
<status status="NOT RUN" starttime="20221031 16:26:11.850" endtime="20221031 16:26:11.850"/>
</kw>
<kw name="Verify that the repository is visible when not logged in" library="GitHubKeywords">
<status status="NOT RUN" starttime="20221031 16:26:11.850" endtime="20221031 16:26:11.850"/>
</kw>
<kw name="Delete the repository" library="GitHubKeywords">
<status status="NOT RUN" starttime="20221031 16:26:11.850" endtime="20221031 16:26:11.850"/>
</kw>
<kw name="Verify that the repository is deleted" library="GitHubKeywords">
<status status="NOT RUN" starttime="20221031 16:26:11.851" endtime="20221031 16:26:11.851"/>
</kw>
<kw name="Close All Browsers" library="SeleniumLibrary" type="TEARDOWN">
<doc>Closes all open browsers and resets the browser cache.</doc>
<status status="PASS" starttime="20221031 16:26:11.852" endtime="20221031 16:26:17.875"/>
</kw>
<status status="FAIL" starttime="20221031 16:25:45.202" endtime="20221031 16:26:17.876">Element '//a[.='petrskultety']' not visible after 5 seconds.</status>
</test>
<doc>... Task 1
1. Login to GitHub account
2. Create new private repository
3. Verify that created repository is in list of repositories
4. Verify that created repository is not visible when not logged in
Task 2
1. Change repository from previous test to public
2. Verify that the repository is visible when not logged in
Task 3
1. Delete the repository
2. Verify that the repository is deleted</doc>
<status status="FAIL" starttime="20221031 16:25:44.806" endtime="20221031 16:26:17.880"/>
</suite>
<statistics>
<total>
<stat pass="0" fail="1" skip="0">All Tests</stat>
</total>
<tag>
</tag>
<suite>
<stat pass="0" fail="1" skip="0" id="s1" name="GitHub">GitHub</stat>
</suite>
</statistics>
<errors>
</errors>
</robot>
